<?xml version="1.0" encoding="UTF-8"?>
<!-- Generated by org.testng.reporters.JUnitReportReporter -->
<testsuite hostname="DESKTOP-FBV7UUO" failures="0" tests="1" name="PagesTests.HomePageActivity" time="10.807" errors="0" timestamp="2024-06-08T01:25:36 IST" skipped="0">
  <testcase classname="PagesTests.HomePageActivity" name="search" time="10.807"/>
</testsuite> <!-- PagesTests.HomePageActivity -->
